<?xml version="1.0" encoding="UTF-8"?>
<testng-results skipped="0" failed="1" ignored="0" total="4" passed="3">
  <reporter-output>
  </reporter-output>
  <suite name="Default suite" duration-ms="74" started-at="2021-05-11T20:40:11 EDT" finished-at="2021-05-11T20:40:11 EDT">
    <groups>
    </groups>
    <test name="Default test" duration-ms="74" started-at="2021-05-11T20:40:11 EDT" finished-at="2021-05-11T20:40:11 EDT">
      <class name="classWork.DependsOnMethod">
        <test-method status="PASS" signature="MergeLead()[pri:-4, instance:classWork.DependsOnMethod@32709393]" name="MergeLead" duration-ms="11" started-at="2021-05-11T20:40:11 EDT" finished-at="2021-05-11T20:40:11 EDT">
          <reporter-output>
          </reporter-output>
        </test-method> <!-- MergeLead -->
        <test-method status="FAIL" signature="CreateLead()[pri:0, instance:classWork.DependsOnMethod@32709393]" name="CreateLead" duration-ms="2" started-at="2021-05-11T20:40:11 EDT" finished-at="2021-05-11T20:40:11 EDT">
          <exception class="java.lang.RuntimeException">
            <full-stacktrace>
              <![CDATA[java.lang.RuntimeException
at classWork.DependsOnMethod.CreateLead(DependsOnMethod.java:11)
at sun.reflect.NativeMethodAccessorImpl.invoke0(Native Method)
at sun.reflect.NativeMethodAccessorImpl.invoke(Unknown Source)
at sun.reflect.DelegatingMethodAccessorImpl.invoke(Unknown Source)
at java.lang.reflect.Method.invoke(Unknown Source)
at org.testng.internal.MethodInvocationHelper.invokeMethod(MethodInvocationHelper.java:133)
at org.testng.internal.TestInvoker.invokeMethod(TestInvoker.java:584)
at org.testng.internal.TestInvoker.invokeTestMethod(TestInvoker.java:172)
at org.testng.internal.MethodRunner.runInSequence(MethodRunner.java:46)
at org.testng.internal.TestInvoker$MethodInvocationAgent.invoke(TestInvoker.java:804)
at org.testng.internal.TestInvoker.invokeTestMethods(TestInvoker.java:145)
at org.testng.internal.TestMethodWorker.invokeTestMethods(TestMethodWorker.java:146)
at org.testng.internal.TestMethodWorker.run(TestMethodWorker.java:128)
at java.util.ArrayList.forEach(Unknown Source)
at org.testng.TestRunner.privateRun(TestRunner.java:770)
at org.testng.TestRunner.run(TestRunner.java:591)
at org.testng.SuiteRunner.runTest(SuiteRunner.java:402)
at org.testng.SuiteRunner.runSequentially(SuiteRunner.java:396)
at org.testng.SuiteRunner.privateRun(SuiteRunner.java:355)
at org.testng.SuiteRunner.run(SuiteRunner.java:304)
at org.testng.SuiteRunnerWorker.runSuite(SuiteRunnerWorker.java:53)
at org.testng.SuiteRunnerWorker.run(SuiteRunnerWorker.java:96)
at org.testng.TestNG.runSuitesSequentially(TestNG.java:1180)
at org.testng.TestNG.runSuitesLocally(TestNG.java:1102)
at org.testng.TestNG.runSuites(TestNG.java:1032)
at org.testng.TestNG.run(TestNG.java:1000)
at org.testng.remote.AbstractRemoteTestNG.run(AbstractRemoteTestNG.java:115)
at org.testng.remote.RemoteTestNG.initAndRun(RemoteTestNG.java:251)
at org.testng.remote.RemoteTestNG.main(RemoteTestNG.java:77)
]]>
            </full-stacktrace>
          </exception> <!-- java.lang.RuntimeException -->
          <reporter-output>
          </reporter-output>
        </test-method> <!-- CreateLead -->
        <test-method status="PASS" signature="DeleteLead()[pri:0, instance:classWork.DependsOnMethod@32709393]" name="DeleteLead" duration-ms="2" started-at="2021-05-11T20:40:11 EDT" depends-on-methods="classWork.DependsOnMethod.CreateLead" finished-at="2021-05-11T20:40:11 EDT">
          <reporter-output>
          </reporter-output>
        </test-method> <!-- DeleteLead -->
        <test-method status="PASS" signature="EditLead()[pri:0, instance:classWork.DependsOnMethod@32709393]" name="EditLead" duration-ms="2" started-at="2021-05-11T20:40:11 EDT" finished-at="2021-05-11T20:40:11 EDT">
          <reporter-output>
          </reporter-output>
        </test-method> <!-- EditLead -->
      </class> <!-- classWork.DependsOnMethod -->
    </test> <!-- Default test -->
  </suite> <!-- Default suite -->
</testng-results>
